[Tue Aug 20 19:06:43.045200 2013] [ssl:warn] [pid 8148:tid 316] AH01909: RSA certificate configured for www.example.com:443 does NOT include an ID which matches the server name
[Tue Aug 20 19:06:45.296200 2013] [ssl:warn] [pid 8148:tid 316] AH01909: RSA certificate configured for www.example.com:443 does NOT include an ID which matches the server name
[Tue Aug 20 19:06:46.070200 2013] [mpm_winnt:notice] [pid 8148:tid 316] AH00455: Apache/2.4.4 (Win32) OpenSSL/0.9.8y PHP/5.4.16 configured -- resuming normal operations
[Tue Aug 20 19:06:46.070200 2013] [mpm_winnt:notice] [pid 8148:tid 316] AH00456: Server built: Feb 23 2013 13:07:34
[Tue Aug 20 19:06:46.070200 2013] [core:notice] [pid 8148:tid 316] AH00094: Command line: 'c:\\xampp\\apache\\bin\\httpd.exe -d C:/xampp/apache'
[Tue Aug 20 19:06:46.106200 2013] [mpm_winnt:notice] [pid 8148:tid 316] AH00418: Parent: Created child process 8472
[Tue Aug 20 19:06:48.520200 2013] [ssl:warn] [pid 8472:tid 332] AH01909: RSA certificate configured for www.example.com:443 does NOT include an ID which matches the server name
[Tue Aug 20 19:06:49.782200 2013] [ssl:warn] [pid 8472:tid 332] AH01909: RSA certificate configured for www.example.com:443 does NOT include an ID which matches the server name
[Tue Aug 20 19:06:50.153200 2013] [mpm_winnt:notice] [pid 8472:tid 332] AH00354: Child: Starting 150 worker threads.
[Tue Aug 20 19:09:08.156200 2013] [ssl:warn] [pid 7556:tid 316] AH01909: RSA certificate configured for www.example.com:443 does NOT include an ID which matches the server name
[Tue Aug 20 19:09:08.593200 2013] [core:warn] [pid 7556:tid 316] AH00098: pid file C:/xampp/apache/logs/httpd.pid overwritten -- Unclean shutdown of previous Apache run?
[Tue Aug 20 19:09:09.330200 2013] [ssl:warn] [pid 7556:tid 316] AH01909: RSA certificate configured for www.example.com:443 does NOT include an ID which matches the server name
[Tue Aug 20 19:09:09.658200 2013] [mpm_winnt:notice] [pid 7556:tid 316] AH00455: Apache/2.4.4 (Win32) OpenSSL/0.9.8y PHP/5.4.16 configured -- resuming normal operations
[Tue Aug 20 19:09:09.658200 2013] [mpm_winnt:notice] [pid 7556:tid 316] AH00456: Server built: Feb 23 2013 13:07:34
[Tue Aug 20 19:09:09.658200 2013] [core:notice] [pid 7556:tid 316] AH00094: Command line: 'c:\\xampp\\apache\\bin\\httpd.exe -d C:/xampp/apache'
[Tue Aug 20 19:09:09.670200 2013] [mpm_winnt:notice] [pid 7556:tid 316] AH00418: Parent: Created child process 2188
[Tue Aug 20 19:09:12.334200 2013] [ssl:warn] [pid 2188:tid 332] AH01909: RSA certificate configured for www.example.com:443 does NOT include an ID which matches the server name
[Tue Aug 20 19:09:13.510200 2013] [ssl:warn] [pid 2188:tid 332] AH01909: RSA certificate configured for www.example.com:443 does NOT include an ID which matches the server name
[Tue Aug 20 19:09:13.857200 2013] [mpm_winnt:notice] [pid 2188:tid 332] AH00354: Child: Starting 150 worker threads.
[Tue Aug 20 19:23:17.480200 2013] [ssl:warn] [pid 472:tid 316] AH01909: RSA certificate configured for www.example.com:443 does NOT include an ID which matches the server name
[Tue Aug 20 19:23:17.910200 2013] [core:warn] [pid 472:tid 316] AH00098: pid file C:/xampp/apache/logs/httpd.pid overwritten -- Unclean shutdown of previous Apache run?
[Tue Aug 20 19:23:18.889200 2013] [ssl:warn] [pid 472:tid 316] AH01909: RSA certificate configured for www.example.com:443 does NOT include an ID which matches the server name
[Tue Aug 20 19:23:19.301200 2013] [mpm_winnt:notice] [pid 472:tid 316] AH00455: Apache/2.4.4 (Win32) OpenSSL/0.9.8y PHP/5.4.16 configured -- resuming normal operations
[Tue Aug 20 19:23:19.302200 2013] [mpm_winnt:notice] [pid 472:tid 316] AH00456: Server built: Feb 23 2013 13:07:34
[Tue Aug 20 19:23:19.302200 2013] [core:notice] [pid 472:tid 316] AH00094: Command line: 'c:\\xampp\\apache\\bin\\httpd.exe -d C:/xampp/apache'
[Tue Aug 20 19:23:19.314200 2013] [mpm_winnt:notice] [pid 472:tid 316] AH00418: Parent: Created child process 11880
[Tue Aug 20 19:23:21.958200 2013] [ssl:warn] [pid 11880:tid 332] AH01909: RSA certificate configured for www.example.com:443 does NOT include an ID which matches the server name
[Tue Aug 20 19:23:23.249200 2013] [ssl:warn] [pid 11880:tid 332] AH01909: RSA certificate configured for www.example.com:443 does NOT include an ID which matches the server name
[Tue Aug 20 19:23:23.654200 2013] [mpm_winnt:notice] [pid 11880:tid 332] AH00354: Child: Starting 150 worker threads.
[Thu Aug 22 18:41:31.235000 2013] [ssl:warn] [pid 5732:tid 316] AH01909: RSA certificate configured for www.example.com:443 does NOT include an ID which matches the server name
[Thu Aug 22 18:41:31.973000 2013] [core:warn] [pid 5732:tid 316] AH00098: pid file C:/xampp/apache/logs/httpd.pid overwritten -- Unclean shutdown of previous Apache run?
[Thu Aug 22 18:41:32.754000 2013] [ssl:warn] [pid 5732:tid 316] AH01909: RSA certificate configured for www.example.com:443 does NOT include an ID which matches the server name
[Thu Aug 22 18:41:33.394000 2013] [mpm_winnt:notice] [pid 5732:tid 316] AH00455: Apache/2.4.4 (Win32) OpenSSL/0.9.8y PHP/5.4.16 configured -- resuming normal operations
[Thu Aug 22 18:41:33.394000 2013] [mpm_winnt:notice] [pid 5732:tid 316] AH00456: Server built: Feb 23 2013 13:07:34
[Thu Aug 22 18:41:33.394000 2013] [core:notice] [pid 5732:tid 316] AH00094: Command line: 'c:\\xampp\\apache\\bin\\httpd.exe -d C:/xampp/apache'
[Thu Aug 22 18:41:33.406000 2013] [mpm_winnt:notice] [pid 5732:tid 316] AH00418: Parent: Created child process 7208
[Thu Aug 22 18:41:36.008000 2013] [ssl:warn] [pid 7208:tid 332] AH01909: RSA certificate configured for www.example.com:443 does NOT include an ID which matches the server name
[Thu Aug 22 18:41:37.204000 2013] [ssl:warn] [pid 7208:tid 332] AH01909: RSA certificate configured for www.example.com:443 does NOT include an ID which matches the server name
[Thu Aug 22 18:41:37.611000 2013] [mpm_winnt:notice] [pid 7208:tid 332] AH00354: Child: Starting 150 worker threads.
[Tue Aug 27 16:43:27.211000 2013] [ssl:warn] [pid 71428:tid 316] AH01909: RSA certificate configured for www.example.com:443 does NOT include an ID which matches the server name
[Tue Aug 27 16:43:27.371000 2013] [core:warn] [pid 71428:tid 316] AH00098: pid file C:/xampp/apache/logs/httpd.pid overwritten -- Unclean shutdown of previous Apache run?
[Tue Aug 27 16:43:28.113000 2013] [ssl:warn] [pid 71428:tid 316] AH01909: RSA certificate configured for www.example.com:443 does NOT include an ID which matches the server name
[Tue Aug 27 16:43:30.921000 2013] [mpm_winnt:notice] [pid 71428:tid 316] AH00455: Apache/2.4.4 (Win32) OpenSSL/0.9.8y PHP/5.4.16 configured -- resuming normal operations
[Tue Aug 27 16:43:30.921000 2013] [mpm_winnt:notice] [pid 71428:tid 316] AH00456: Server built: Feb 23 2013 13:07:34
[Tue Aug 27 16:43:30.921000 2013] [core:notice] [pid 71428:tid 316] AH00094: Command line: 'c:\\xampp\\apache\\bin\\httpd.exe -d C:/xampp/apache'
[Tue Aug 27 16:43:31.093000 2013] [mpm_winnt:notice] [pid 71428:tid 316] AH00418: Parent: Created child process 83760
[Tue Aug 27 16:43:33.127000 2013] [ssl:warn] [pid 83760:tid 332] AH01909: RSA certificate configured for www.example.com:443 does NOT include an ID which matches the server name
[Tue Aug 27 16:43:34.218000 2013] [ssl:warn] [pid 83760:tid 332] AH01909: RSA certificate configured for www.example.com:443 does NOT include an ID which matches the server name
[Tue Aug 27 16:43:34.363000 2013] [mpm_winnt:notice] [pid 83760:tid 332] AH00354: Child: Starting 150 worker threads.
[Tue Aug 27 19:21:13.598000 2013] [ssl:warn] [pid 112848:tid 316] AH01909: RSA certificate configured for www.example.com:443 does NOT include an ID which matches the server name
[Tue Aug 27 19:21:13.725000 2013] [core:warn] [pid 112848:tid 316] AH00098: pid file C:/xampp/apache/logs/httpd.pid overwritten -- Unclean shutdown of previous Apache run?
[Tue Aug 27 19:21:14.629000 2013] [ssl:warn] [pid 112848:tid 316] AH01909: RSA certificate configured for www.example.com:443 does NOT include an ID which matches the server name
[Tue Aug 27 19:21:14.944000 2013] [mpm_winnt:notice] [pid 112848:tid 316] AH00455: Apache/2.4.4 (Win32) OpenSSL/0.9.8y PHP/5.4.16 configured -- resuming normal operations
[Tue Aug 27 19:21:14.944000 2013] [mpm_winnt:notice] [pid 112848:tid 316] AH00456: Server built: Feb 23 2013 13:07:34
[Tue Aug 27 19:21:14.944000 2013] [core:notice] [pid 112848:tid 316] AH00094: Command line: 'c:\\xampp\\apache\\bin\\httpd.exe -d C:/xampp/apache'
[Tue Aug 27 19:21:14.984000 2013] [mpm_winnt:notice] [pid 112848:tid 316] AH00418: Parent: Created child process 114244
[Tue Aug 27 19:21:17.326000 2013] [ssl:warn] [pid 114244:tid 332] AH01909: RSA certificate configured for www.example.com:443 does NOT include an ID which matches the server name
[Tue Aug 27 19:21:18.194000 2013] [ssl:warn] [pid 114244:tid 332] AH01909: RSA certificate configured for www.example.com:443 does NOT include an ID which matches the server name
[Tue Aug 27 19:21:18.311000 2013] [mpm_winnt:notice] [pid 114244:tid 332] AH00354: Child: Starting 150 worker threads.
[Thu Aug 29 17:50:59.475000 2013] [ssl:warn] [pid 90240:tid 316] AH01909: RSA certificate configured for www.example.com:443 does NOT include an ID which matches the server name
[Thu Aug 29 17:50:59.686000 2013] [core:warn] [pid 90240:tid 316] AH00098: pid file C:/xampp/apache/logs/httpd.pid overwritten -- Unclean shutdown of previous Apache run?
[Thu Aug 29 17:51:00.855000 2013] [ssl:warn] [pid 90240:tid 316] AH01909: RSA certificate configured for www.example.com:443 does NOT include an ID which matches the server name
[Thu Aug 29 17:51:01.104000 2013] [mpm_winnt:notice] [pid 90240:tid 316] AH00455: Apache/2.4.4 (Win32) OpenSSL/0.9.8y PHP/5.4.16 configured -- resuming normal operations
[Thu Aug 29 17:51:01.104000 2013] [mpm_winnt:notice] [pid 90240:tid 316] AH00456: Server built: Feb 23 2013 13:07:34
[Thu Aug 29 17:51:01.104000 2013] [core:notice] [pid 90240:tid 316] AH00094: Command line: 'c:\\xampp\\apache\\bin\\httpd.exe -d C:/xampp/apache'
[Thu Aug 29 17:51:01.134000 2013] [mpm_winnt:notice] [pid 90240:tid 316] AH00418: Parent: Created child process 77360
[Thu Aug 29 17:51:03.894000 2013] [ssl:warn] [pid 77360:tid 332] AH01909: RSA certificate configured for www.example.com:443 does NOT include an ID which matches the server name
[Thu Aug 29 17:51:05.437000 2013] [ssl:warn] [pid 77360:tid 332] AH01909: RSA certificate configured for www.example.com:443 does NOT include an ID which matches the server name
[Thu Aug 29 17:51:05.656000 2013] [mpm_winnt:notice] [pid 77360:tid 332] AH00354: Child: Starting 150 worker threads.
[Thu Aug 29 19:53:17.363000 2013] [ssl:warn] [pid 124360:tid 316] AH01909: RSA certificate configured for www.example.com:443 does NOT include an ID which matches the server name
[Thu Aug 29 19:53:17.633000 2013] [core:warn] [pid 124360:tid 316] AH00098: pid file C:/xampp/apache/logs/httpd.pid overwritten -- Unclean shutdown of previous Apache run?
[Thu Aug 29 19:53:18.821000 2013] [ssl:warn] [pid 124360:tid 316] AH01909: RSA certificate configured for www.example.com:443 does NOT include an ID which matches the server name
[Thu Aug 29 19:53:18.977000 2013] [mpm_winnt:notice] [pid 124360:tid 316] AH00455: Apache/2.4.4 (Win32) OpenSSL/0.9.8y PHP/5.4.16 configured -- resuming normal operations
[Thu Aug 29 19:53:18.978000 2013] [mpm_winnt:notice] [pid 124360:tid 316] AH00456: Server built: Feb 23 2013 13:07:34
[Thu Aug 29 19:53:18.978000 2013] [core:notice] [pid 124360:tid 316] AH00094: Command line: 'c:\\xampp\\apache\\bin\\httpd.exe -d C:/xampp/apache'
[Thu Aug 29 19:53:19.004000 2013] [mpm_winnt:notice] [pid 124360:tid 316] AH00418: Parent: Created child process 34584
[Thu Aug 29 19:53:20.959000 2013] [ssl:warn] [pid 34584:tid 332] AH01909: RSA certificate configured for www.example.com:443 does NOT include an ID which matches the server name
[Thu Aug 29 19:53:21.979000 2013] [ssl:warn] [pid 34584:tid 332] AH01909: RSA certificate configured for www.example.com:443 does NOT include an ID which matches the server name
[Thu Aug 29 19:53:22.094000 2013] [mpm_winnt:notice] [pid 34584:tid 332] AH00354: Child: Starting 150 worker threads.
[Fri Aug 30 18:51:43.693000 2013] [ssl:warn] [pid 528:tid 316] AH01909: RSA certificate configured for www.example.com:443 does NOT include an ID which matches the server name
[Fri Aug 30 18:51:43.916000 2013] [core:warn] [pid 528:tid 316] AH00098: pid file C:/xampp/apache/logs/httpd.pid overwritten -- Unclean shutdown of previous Apache run?
[Fri Aug 30 18:51:45.087000 2013] [ssl:warn] [pid 528:tid 316] AH01909: RSA certificate configured for www.example.com:443 does NOT include an ID which matches the server name
[Fri Aug 30 18:51:45.201000 2013] [mpm_winnt:notice] [pid 528:tid 316] AH00455: Apache/2.4.4 (Win32) OpenSSL/0.9.8y PHP/5.4.16 configured -- resuming normal operations
[Fri Aug 30 18:51:45.201000 2013] [mpm_winnt:notice] [pid 528:tid 316] AH00456: Server built: Feb 23 2013 13:07:34
[Fri Aug 30 18:51:45.201000 2013] [core:notice] [pid 528:tid 316] AH00094: Command line: 'c:\\xampp\\apache\\bin\\httpd.exe -d C:/xampp/apache'
[Fri Aug 30 18:51:45.216000 2013] [mpm_winnt:notice] [pid 528:tid 316] AH00418: Parent: Created child process 7692
[Fri Aug 30 18:51:47.685000 2013] [ssl:warn] [pid 7692:tid 332] AH01909: RSA certificate configured for www.example.com:443 does NOT include an ID which matches the server name
[Fri Aug 30 18:51:49.016000 2013] [ssl:warn] [pid 7692:tid 332] AH01909: RSA certificate configured for www.example.com:443 does NOT include an ID which matches the server name
[Fri Aug 30 18:51:49.127000 2013] [mpm_winnt:notice] [pid 7692:tid 332] AH00354: Child: Starting 150 worker threads.
[Sun Sep 01 14:56:13.965200 2013] [ssl:warn] [pid 3892:tid 328] AH01909: RSA certificate configured for www.example.com:443 does NOT include an ID which matches the server name
[Sun Sep 01 14:56:14.295200 2013] [core:warn] [pid 3892:tid 328] AH00098: pid file C:/xampp/apache/logs/httpd.pid overwritten -- Unclean shutdown of previous Apache run?
[Sun Sep 01 14:56:15.125200 2013] [ssl:warn] [pid 3892:tid 328] AH01909: RSA certificate configured for www.example.com:443 does NOT include an ID which matches the server name
[Sun Sep 01 14:56:18.335200 2013] [mpm_winnt:notice] [pid 3892:tid 328] AH00455: Apache/2.4.4 (Win32) OpenSSL/0.9.8y PHP/5.4.16 configured -- resuming normal operations
[Sun Sep 01 14:56:18.335200 2013] [mpm_winnt:notice] [pid 3892:tid 328] AH00456: Server built: Feb 23 2013 13:07:34
[Sun Sep 01 14:56:18.335200 2013] [core:notice] [pid 3892:tid 328] AH00094: Command line: 'c:\\xampp\\apache\\bin\\httpd.exe -d C:/xampp/apache'
[Sun Sep 01 14:56:18.580200 2013] [mpm_winnt:notice] [pid 3892:tid 328] AH00418: Parent: Created child process 2240
[Sun Sep 01 14:56:20.545200 2013] [ssl:warn] [pid 2240:tid 328] AH01909: RSA certificate configured for www.example.com:443 does NOT include an ID which matches the server name
[Sun Sep 01 14:56:23.005200 2013] [ssl:warn] [pid 2240:tid 328] AH01909: RSA certificate configured for www.example.com:443 does NOT include an ID which matches the server name
[Sun Sep 01 14:56:23.245200 2013] [mpm_winnt:notice] [pid 2240:tid 328] AH00354: Child: Starting 150 worker threads.
[Mon Sep 02 15:30:17.935200 2013] [ssl:warn] [pid 3128:tid 312] AH01909: RSA certificate configured for www.example.com:443 does NOT include an ID which matches the server name
[Mon Sep 02 15:30:20.134800 2013] [core:warn] [pid 3128:tid 312] AH00098: pid file C:/xampp/apache/logs/httpd.pid overwritten -- Unclean shutdown of previous Apache run?
[Mon Sep 02 15:30:21.086400 2013] [ssl:warn] [pid 3128:tid 312] AH01909: RSA certificate configured for www.example.com:443 does NOT include an ID which matches the server name
[Mon Sep 02 15:30:29.254000 2013] [mpm_winnt:notice] [pid 3128:tid 312] AH00455: Apache/2.4.4 (Win32) OpenSSL/0.9.8y PHP/5.4.16 configured -- resuming normal operations
[Mon Sep 02 15:30:29.255000 2013] [mpm_winnt:notice] [pid 3128:tid 312] AH00456: Server built: Feb 23 2013 13:07:34
[Mon Sep 02 15:30:29.255000 2013] [core:notice] [pid 3128:tid 312] AH00094: Command line: 'c:\\xampp\\apache\\bin\\httpd.exe -d C:/xampp/apache'
[Mon Sep 02 15:30:30.326000 2013] [mpm_winnt:notice] [pid 3128:tid 312] AH00418: Parent: Created child process 2780
[Mon Sep 02 15:30:33.619600 2013] [ssl:warn] [pid 2780:tid 328] AH01909: RSA certificate configured for www.example.com:443 does NOT include an ID which matches the server name
[Mon Sep 02 15:30:35.083000 2013] [ssl:warn] [pid 2780:tid 328] AH01909: RSA certificate configured for www.example.com:443 does NOT include an ID which matches the server name
[Mon Sep 02 15:30:35.572400 2013] [mpm_winnt:notice] [pid 2780:tid 328] AH00354: Child: Starting 150 worker threads.
[Tue Sep 03 17:06:16.479000 2013] [ssl:warn] [pid 7900:tid 312] AH01909: RSA certificate configured for www.example.com:443 does NOT include an ID which matches the server name
[Tue Sep 03 17:06:16.869000 2013] [core:warn] [pid 7900:tid 312] AH00098: pid file C:/xampp/apache/logs/httpd.pid overwritten -- Unclean shutdown of previous Apache run?
[Tue Sep 03 17:06:17.820600 2013] [ssl:warn] [pid 7900:tid 312] AH01909: RSA certificate configured for www.example.com:443 does NOT include an ID which matches the server name
[Tue Sep 03 17:06:21.221400 2013] [mpm_winnt:notice] [pid 7900:tid 312] AH00455: Apache/2.4.4 (Win32) OpenSSL/0.9.8y PHP/5.4.16 configured -- resuming normal operations
[Tue Sep 03 17:06:21.221400 2013] [mpm_winnt:notice] [pid 7900:tid 312] AH00456: Server built: Feb 23 2013 13:07:34
[Tue Sep 03 17:06:21.221400 2013] [core:notice] [pid 7900:tid 312] AH00094: Command line: 'c:\\xampp\\apache\\bin\\httpd.exe -d C:/xampp/apache'
[Tue Sep 03 17:06:21.283800 2013] [mpm_winnt:notice] [pid 7900:tid 312] AH00418: Parent: Created child process 6416
[Tue Sep 03 17:06:23.358600 2013] [ssl:warn] [pid 6416:tid 328] AH01909: RSA certificate configured for www.example.com:443 does NOT include an ID which matches the server name
[Tue Sep 03 17:06:24.216600 2013] [ssl:warn] [pid 6416:tid 328] AH01909: RSA certificate configured for www.example.com:443 does NOT include an ID which matches the server name
[Tue Sep 03 17:06:24.481800 2013] [mpm_winnt:notice] [pid 6416:tid 328] AH00354: Child: Starting 150 worker threads.
[Mon Sep 09 08:58:14.657600 2013] [mpm_winnt:notice] [pid 7900:tid 312] AH00428: Parent: child process 6416 exited with status 1073807364 -- Restarting.
Apache server shutdown initiated...
[Thu Sep 12 20:41:20.378200 2013] [ssl:warn] [pid 3708:tid 328] AH01909: RSA certificate configured for www.example.com:443 does NOT include an ID which matches the server name
[Thu Sep 12 20:41:20.533200 2013] [core:warn] [pid 3708:tid 328] AH00098: pid file C:/xampp/apache/logs/httpd.pid overwritten -- Unclean shutdown of previous Apache run?
[Thu Sep 12 20:41:21.407200 2013] [ssl:warn] [pid 3708:tid 328] AH01909: RSA certificate configured for www.example.com:443 does NOT include an ID which matches the server name
[Thu Sep 12 20:41:30.573200 2013] [mpm_winnt:notice] [pid 3708:tid 328] AH00455: Apache/2.4.4 (Win32) OpenSSL/0.9.8y PHP/5.4.16 configured -- resuming normal operations
[Thu Sep 12 20:41:30.573200 2013] [mpm_winnt:notice] [pid 3708:tid 328] AH00456: Server built: Feb 23 2013 13:07:34
[Thu Sep 12 20:41:30.573200 2013] [core:notice] [pid 3708:tid 328] AH00094: Command line: 'c:\\xampp\\apache\\bin\\httpd.exe -d C:/xampp/apache'
[Thu Sep 12 20:41:30.622200 2013] [mpm_winnt:notice] [pid 3708:tid 328] AH00418: Parent: Created child process 3808
[Thu Sep 12 20:41:32.673200 2013] [ssl:warn] [pid 3808:tid 328] AH01909: RSA certificate configured for www.example.com:443 does NOT include an ID which matches the server name
[Thu Sep 12 20:41:33.695200 2013] [ssl:warn] [pid 3808:tid 328] AH01909: RSA certificate configured for www.example.com:443 does NOT include an ID which matches the server name
[Thu Sep 12 20:41:33.811200 2013] [mpm_winnt:notice] [pid 3808:tid 328] AH00354: Child: Starting 150 worker threads.
[Tue Sep 17 18:58:56.412600 2013] [ssl:warn] [pid 3508:tid 316] AH01909: RSA certificate configured for www.example.com:443 does NOT include an ID which matches the server name
[Tue Sep 17 18:58:56.576600 2013] [core:warn] [pid 3508:tid 316] AH00098: pid file C:/xampp/apache/logs/httpd.pid overwritten -- Unclean shutdown of previous Apache run?
[Tue Sep 17 18:58:57.617600 2013] [ssl:warn] [pid 3508:tid 316] AH01909: RSA certificate configured for www.example.com:443 does NOT include an ID which matches the server name
[Tue Sep 17 18:58:58.633600 2013] [mpm_winnt:notice] [pid 3508:tid 316] AH00455: Apache/2.4.4 (Win32) OpenSSL/0.9.8y PHP/5.4.16 configured -- resuming normal operations
[Tue Sep 17 18:58:58.633600 2013] [mpm_winnt:notice] [pid 3508:tid 316] AH00456: Server built: Feb 23 2013 13:07:34
[Tue Sep 17 18:58:58.633600 2013] [core:notice] [pid 3508:tid 316] AH00094: Command line: 'c:\\xampp\\apache\\bin\\httpd.exe -d C:/xampp/apache'
[Tue Sep 17 18:58:58.716600 2013] [mpm_winnt:notice] [pid 3508:tid 316] AH00418: Parent: Created child process 7024
[Tue Sep 17 18:59:00.833600 2013] [ssl:warn] [pid 7024:tid 332] AH01909: RSA certificate configured for www.example.com:443 does NOT include an ID which matches the server name
[Tue Sep 17 18:59:01.732600 2013] [ssl:warn] [pid 7024:tid 332] AH01909: RSA certificate configured for www.example.com:443 does NOT include an ID which matches the server name
[Tue Sep 17 18:59:01.843600 2013] [mpm_winnt:notice] [pid 7024:tid 332] AH00354: Child: Starting 150 worker threads.
[Wed Sep 25 15:47:58.949600 2013] [ssl:warn] [pid 5832:tid 316] AH01909: RSA certificate configured for www.example.com:443 does NOT include an ID which matches the server name
[Wed Sep 25 15:47:59.439600 2013] [core:warn] [pid 5832:tid 316] AH00098: pid file C:/xampp/apache/logs/httpd.pid overwritten -- Unclean shutdown of previous Apache run?
[Wed Sep 25 15:48:00.624600 2013] [ssl:warn] [pid 5832:tid 316] AH01909: RSA certificate configured for www.example.com:443 does NOT include an ID which matches the server name
[Wed Sep 25 15:48:07.194600 2013] [mpm_winnt:notice] [pid 5832:tid 316] AH00455: Apache/2.4.4 (Win32) OpenSSL/0.9.8y PHP/5.4.16 configured -- resuming normal operations
[Wed Sep 25 15:48:07.194600 2013] [mpm_winnt:notice] [pid 5832:tid 316] AH00456: Server built: Feb 23 2013 13:07:34
[Wed Sep 25 15:48:07.194600 2013] [core:notice] [pid 5832:tid 316] AH00094: Command line: 'c:\\xampp\\apache\\bin\\httpd.exe -d C:/xampp/apache'
[Wed Sep 25 15:48:07.245600 2013] [mpm_winnt:notice] [pid 5832:tid 316] AH00418: Parent: Created child process 5060
[Wed Sep 25 15:48:09.890600 2013] [ssl:warn] [pid 5060:tid 332] AH01909: RSA certificate configured for www.example.com:443 does NOT include an ID which matches the server name
[Wed Sep 25 15:48:11.617600 2013] [ssl:warn] [pid 5060:tid 332] AH01909: RSA certificate configured for www.example.com:443 does NOT include an ID which matches the server name
[Wed Sep 25 15:48:11.786600 2013] [mpm_winnt:notice] [pid 5060:tid 332] AH00354: Child: Starting 150 worker threads.
[Thu Sep 26 16:50:10.450000 2013] [ssl:warn] [pid 4464:tid 328] AH01909: RSA certificate configured for www.example.com:443 does NOT include an ID which matches the server name
[Thu Sep 26 16:50:10.619000 2013] [core:warn] [pid 4464:tid 328] AH00098: pid file C:/xampp/apache/logs/httpd.pid overwritten -- Unclean shutdown of previous Apache run?
[Thu Sep 26 16:50:11.539000 2013] [ssl:warn] [pid 4464:tid 328] AH01909: RSA certificate configured for www.example.com:443 does NOT include an ID which matches the server name
[Thu Sep 26 16:50:13.865000 2013] [mpm_winnt:notice] [pid 4464:tid 328] AH00455: Apache/2.4.4 (Win32) OpenSSL/0.9.8y PHP/5.4.16 configured -- resuming normal operations
[Thu Sep 26 16:50:13.866000 2013] [mpm_winnt:notice] [pid 4464:tid 328] AH00456: Server built: Feb 23 2013 13:07:34
[Thu Sep 26 16:50:13.866000 2013] [core:notice] [pid 4464:tid 328] AH00094: Command line: 'c:\\xampp\\apache\\bin\\httpd.exe -d C:/xampp/apache'
[Thu Sep 26 16:50:14.183000 2013] [mpm_winnt:notice] [pid 4464:tid 328] AH00418: Parent: Created child process 1208
[Thu Sep 26 16:50:16.229000 2013] [ssl:warn] [pid 1208:tid 328] AH01909: RSA certificate configured for www.example.com:443 does NOT include an ID which matches the server name
[Thu Sep 26 16:50:17.295000 2013] [ssl:warn] [pid 1208:tid 328] AH01909: RSA certificate configured for www.example.com:443 does NOT include an ID which matches the server name
[Thu Sep 26 16:50:17.434000 2013] [mpm_winnt:notice] [pid 1208:tid 328] AH00354: Child: Starting 150 worker threads.
[Thu Oct 03 18:34:27.694000 2013] [ssl:warn] [pid 12964:tid 312] AH01909: RSA certificate configured for www.example.com:443 does NOT include an ID which matches the server name
[Thu Oct 03 18:34:27.858000 2013] [core:warn] [pid 12964:tid 312] AH00098: pid file C:/xampp/apache/logs/httpd.pid overwritten -- Unclean shutdown of previous Apache run?
[Thu Oct 03 18:34:28.757000 2013] [ssl:warn] [pid 12964:tid 312] AH01909: RSA certificate configured for www.example.com:443 does NOT include an ID which matches the server name
[Thu Oct 03 18:34:32.419000 2013] [mpm_winnt:notice] [pid 12964:tid 312] AH00455: Apache/2.4.4 (Win32) OpenSSL/0.9.8y PHP/5.4.16 configured -- resuming normal operations
[Thu Oct 03 18:34:32.420000 2013] [mpm_winnt:notice] [pid 12964:tid 312] AH00456: Server built: Feb 23 2013 13:07:34
[Thu Oct 03 18:34:32.420000 2013] [core:notice] [pid 12964:tid 312] AH00094: Command line: 'c:\\xampp\\apache\\bin\\httpd.exe -d C:/xampp/apache'
[Thu Oct 03 18:34:32.442000 2013] [mpm_winnt:notice] [pid 12964:tid 312] AH00418: Parent: Created child process 23044
[Thu Oct 03 18:34:34.330000 2013] [ssl:warn] [pid 23044:tid 328] AH01909: RSA certificate configured for www.example.com:443 does NOT include an ID which matches the server name
[Thu Oct 03 18:34:35.355000 2013] [ssl:warn] [pid 23044:tid 328] AH01909: RSA certificate configured for www.example.com:443 does NOT include an ID which matches the server name
[Thu Oct 03 18:34:35.471000 2013] [mpm_winnt:notice] [pid 23044:tid 328] AH00354: Child: Starting 150 worker threads.
[Mon Oct 21 14:35:14.610482 2013] [ssl:warn] [pid 8156:tid 312] AH01909: RSA certificate configured for www.example.com:443 does NOT include an ID which matches the server name
[Mon Oct 21 14:35:14.996482 2013] [core:warn] [pid 8156:tid 312] AH00098: pid file C:/xampp/apache/logs/httpd.pid overwritten -- Unclean shutdown of previous Apache run?
[Mon Oct 21 14:35:15.854482 2013] [ssl:warn] [pid 8156:tid 312] AH01909: RSA certificate configured for www.example.com:443 does NOT include an ID which matches the server name
[Mon Oct 21 14:35:18.369482 2013] [mpm_winnt:notice] [pid 8156:tid 312] AH00455: Apache/2.4.4 (Win32) OpenSSL/0.9.8y PHP/5.4.16 configured -- resuming normal operations
[Mon Oct 21 14:35:18.369482 2013] [mpm_winnt:notice] [pid 8156:tid 312] AH00456: Server built: Feb 23 2013 13:07:34
[Mon Oct 21 14:35:18.369482 2013] [core:notice] [pid 8156:tid 312] AH00094: Command line: 'c:\\xampp\\apache\\bin\\httpd.exe -d C:/xampp/apache'
[Mon Oct 21 14:35:18.384482 2013] [mpm_winnt:notice] [pid 8156:tid 312] AH00418: Parent: Created child process 5972
[Mon Oct 21 14:35:20.111482 2013] [ssl:warn] [pid 5972:tid 328] AH01909: RSA certificate configured for www.example.com:443 does NOT include an ID which matches the server name
[Mon Oct 21 14:35:21.464482 2013] [ssl:warn] [pid 5972:tid 328] AH01909: RSA certificate configured for www.example.com:443 does NOT include an ID which matches the server name
[Mon Oct 21 14:35:21.691482 2013] [mpm_winnt:notice] [pid 5972:tid 328] AH00354: Child: Starting 150 worker threads.
[Mon Oct 21 16:04:55.415000 2013] [ssl:warn] [pid 7196:tid 312] AH01909: RSA certificate configured for www.example.com:443 does NOT include an ID which matches the server name
[Mon Oct 21 16:04:55.560000 2013] [core:warn] [pid 7196:tid 312] AH00098: pid file C:/xampp/apache/logs/httpd.pid overwritten -- Unclean shutdown of previous Apache run?
[Mon Oct 21 16:04:56.389000 2013] [ssl:warn] [pid 7196:tid 312] AH01909: RSA certificate configured for www.example.com:443 does NOT include an ID which matches the server name
[Mon Oct 21 16:04:56.505000 2013] [mpm_winnt:notice] [pid 7196:tid 312] AH00455: Apache/2.4.4 (Win32) OpenSSL/0.9.8y PHP/5.4.16 configured -- resuming normal operations
[Mon Oct 21 16:04:56.507000 2013] [mpm_winnt:notice] [pid 7196:tid 312] AH00456: Server built: Feb 23 2013 13:07:34
[Mon Oct 21 16:04:56.507000 2013] [core:notice] [pid 7196:tid 312] AH00094: Command line: 'c:\\xampp\\apache\\bin\\httpd.exe -d C:/xampp/apache'
[Mon Oct 21 16:04:56.514000 2013] [mpm_winnt:notice] [pid 7196:tid 312] AH00418: Parent: Created child process 5372
[Mon Oct 21 16:04:58.199000 2013] [ssl:warn] [pid 5372:tid 328] AH01909: RSA certificate configured for www.example.com:443 does NOT include an ID which matches the server name
[Mon Oct 21 16:04:59.293000 2013] [ssl:warn] [pid 5372:tid 328] AH01909: RSA certificate configured for www.example.com:443 does NOT include an ID which matches the server name
[Mon Oct 21 16:04:59.404000 2013] [mpm_winnt:notice] [pid 5372:tid 328] AH00354: Child: Starting 150 worker threads.
[Wed Oct 23 14:54:45.571000 2013] [ssl:warn] [pid 6832:tid 312] AH01909: RSA certificate configured for www.example.com:443 does NOT include an ID which matches the server name
[Wed Oct 23 14:54:45.725000 2013] [core:warn] [pid 6832:tid 312] AH00098: pid file C:/xampp/apache/logs/httpd.pid overwritten -- Unclean shutdown of previous Apache run?
[Wed Oct 23 14:54:46.544000 2013] [ssl:warn] [pid 6832:tid 312] AH01909: RSA certificate configured for www.example.com:443 does NOT include an ID which matches the server name
[Wed Oct 23 14:54:48.130000 2013] [mpm_winnt:notice] [pid 6832:tid 312] AH00455: Apache/2.4.4 (Win32) OpenSSL/0.9.8y PHP/5.4.16 configured -- resuming normal operations
[Wed Oct 23 14:54:48.131000 2013] [mpm_winnt:notice] [pid 6832:tid 312] AH00456: Server built: Feb 23 2013 13:07:34
[Wed Oct 23 14:54:48.131000 2013] [core:notice] [pid 6832:tid 312] AH00094: Command line: 'c:\\xampp\\apache\\bin\\httpd.exe -d C:/xampp/apache'
[Wed Oct 23 14:54:48.166000 2013] [mpm_winnt:notice] [pid 6832:tid 312] AH00418: Parent: Created child process 6992
[Wed Oct 23 14:54:50.755000 2013] [ssl:warn] [pid 6992:tid 328] AH01909: RSA certificate configured for www.example.com:443 does NOT include an ID which matches the server name
[Wed Oct 23 14:54:52.113000 2013] [ssl:warn] [pid 6992:tid 328] AH01909: RSA certificate configured for www.example.com:443 does NOT include an ID which matches the server name
[Wed Oct 23 14:54:52.257000 2013] [mpm_winnt:notice] [pid 6992:tid 328] AH00354: Child: Starting 150 worker threads.
[Wed Oct 23 18:59:56.965000 2013] [ssl:warn] [pid 2460:tid 312] AH01909: RSA certificate configured for www.example.com:443 does NOT include an ID which matches the server name
[Wed Oct 23 18:59:57.207000 2013] [core:warn] [pid 2460:tid 312] AH00098: pid file C:/xampp/apache/logs/httpd.pid overwritten -- Unclean shutdown of previous Apache run?
[Wed Oct 23 18:59:58.086000 2013] [ssl:warn] [pid 2460:tid 312] AH01909: RSA certificate configured for www.example.com:443 does NOT include an ID which matches the server name
[Wed Oct 23 18:59:59.200000 2013] [mpm_winnt:notice] [pid 2460:tid 312] AH00455: Apache/2.4.4 (Win32) OpenSSL/0.9.8y PHP/5.4.16 configured -- resuming normal operations
[Wed Oct 23 18:59:59.200000 2013] [mpm_winnt:notice] [pid 2460:tid 312] AH00456: Server built: Feb 23 2013 13:07:34
[Wed Oct 23 18:59:59.200000 2013] [core:notice] [pid 2460:tid 312] AH00094: Command line: 'c:\\xampp\\apache\\bin\\httpd.exe -d C:/xampp/apache'
[Wed Oct 23 18:59:59.240000 2013] [mpm_winnt:notice] [pid 2460:tid 312] AH00418: Parent: Created child process 3612
[Wed Oct 23 19:00:01.014000 2013] [ssl:warn] [pid 3612:tid 328] AH01909: RSA certificate configured for www.example.com:443 does NOT include an ID which matches the server name
[Wed Oct 23 19:00:02.074000 2013] [ssl:warn] [pid 3612:tid 328] AH01909: RSA certificate configured for www.example.com:443 does NOT include an ID which matches the server name
[Wed Oct 23 19:00:02.182000 2013] [mpm_winnt:notice] [pid 3612:tid 328] AH00354: Child: Starting 150 worker threads.
[Wed Oct 23 20:04:27.244000 2013] [ssl:warn] [pid 5588:tid 312] AH01909: RSA certificate configured for www.example.com:443 does NOT include an ID which matches the server name
[Wed Oct 23 20:04:27.972000 2013] [core:warn] [pid 5588:tid 312] AH00098: pid file C:/xampp/apache/logs/httpd.pid overwritten -- Unclean shutdown of previous Apache run?
[Wed Oct 23 20:04:28.792000 2013] [ssl:warn] [pid 5588:tid 312] AH01909: RSA certificate configured for www.example.com:443 does NOT include an ID which matches the server name
[Wed Oct 23 20:04:28.914000 2013] [mpm_winnt:notice] [pid 5588:tid 312] AH00455: Apache/2.4.4 (Win32) OpenSSL/0.9.8y PHP/5.4.16 configured -- resuming normal operations
[Wed Oct 23 20:04:28.914000 2013] [mpm_winnt:notice] [pid 5588:tid 312] AH00456: Server built: Feb 23 2013 13:07:34
[Wed Oct 23 20:04:28.914000 2013] [core:notice] [pid 5588:tid 312] AH00094: Command line: 'c:\\xampp\\apache\\bin\\httpd.exe -d C:/xampp/apache'
[Wed Oct 23 20:04:28.919000 2013] [mpm_winnt:notice] [pid 5588:tid 312] AH00418: Parent: Created child process 2080
[Wed Oct 23 20:04:30.739000 2013] [ssl:warn] [pid 2080:tid 328] AH01909: RSA certificate configured for www.example.com:443 does NOT include an ID which matches the server name
[Wed Oct 23 20:04:31.709000 2013] [ssl:warn] [pid 2080:tid 328] AH01909: RSA certificate configured for www.example.com:443 does NOT include an ID which matches the server name
[Wed Oct 23 20:04:31.832000 2013] [mpm_winnt:notice] [pid 2080:tid 328] AH00354: Child: Starting 150 worker threads.
[Sun Nov 03 01:00:33.463000 2013] [ssl:warn] [pid 74308:tid 312] AH01909: RSA certificate configured for www.example.com:443 does NOT include an ID which matches the server name
[Sun Nov 03 01:00:34.052000 2013] [core:warn] [pid 74308:tid 312] AH00098: pid file C:/xampp/apache/logs/httpd.pid overwritten -- Unclean shutdown of previous Apache run?
[Sun Nov 03 01:00:35.415000 2013] [ssl:warn] [pid 74308:tid 312] AH01909: RSA certificate configured for www.example.com:443 does NOT include an ID which matches the server name
[Sun Nov 03 01:00:38.902000 2013] [mpm_winnt:notice] [pid 74308:tid 312] AH00455: Apache/2.4.4 (Win32) OpenSSL/0.9.8y PHP/5.4.16 configured -- resuming normal operations
[Sun Nov 03 01:00:38.903000 2013] [mpm_winnt:notice] [pid 74308:tid 312] AH00456: Server built: Feb 23 2013 13:07:34
[Sun Nov 03 01:00:38.903000 2013] [core:notice] [pid 74308:tid 312] AH00094: Command line: 'c:\\xampp\\apache\\bin\\httpd.exe -d C:/xampp/apache'
[Sun Nov 03 01:00:38.929000 2013] [mpm_winnt:notice] [pid 74308:tid 312] AH00418: Parent: Created child process 74592
[Sun Nov 03 01:00:42.163000 2013] [ssl:warn] [pid 74592:tid 328] AH01909: RSA certificate configured for www.example.com:443 does NOT include an ID which matches the server name
[Sun Nov 03 01:00:44.270000 2013] [ssl:warn] [pid 74592:tid 328] AH01909: RSA certificate configured for www.example.com:443 does NOT include an ID which matches the server name
[Sun Nov 03 01:00:44.662000 2013] [mpm_winnt:notice] [pid 74592:tid 328] AH00354: Child: Starting 150 worker threads.
[Sun Nov 03 13:53:50.875000 2013] [mpm_winnt:notice] [pid 74308:tid 312] AH00428: Parent: child process 74592 exited with status 1073807364 -- Restarting.
Apache server shutdown initiated...
[Tue Nov 05 17:05:37.711000 2013] [ssl:warn] [pid 4836:tid 312] AH01909: RSA certificate configured for www.example.com:443 does NOT include an ID which matches the server name
[Tue Nov 05 17:05:38.046000 2013] [core:warn] [pid 4836:tid 312] AH00098: pid file C:/xampp/apache/logs/httpd.pid overwritten -- Unclean shutdown of previous Apache run?
[Tue Nov 05 17:05:39.189000 2013] [ssl:warn] [pid 4836:tid 312] AH01909: RSA certificate configured for www.example.com:443 does NOT include an ID which matches the server name
[Tue Nov 05 17:05:40.469000 2013] [mpm_winnt:notice] [pid 4836:tid 312] AH00455: Apache/2.4.4 (Win32) OpenSSL/0.9.8y PHP/5.4.16 configured -- resuming normal operations
[Tue Nov 05 17:05:40.469000 2013] [mpm_winnt:notice] [pid 4836:tid 312] AH00456: Server built: Feb 23 2013 13:07:34
[Tue Nov 05 17:05:40.469000 2013] [core:notice] [pid 4836:tid 312] AH00094: Command line: 'c:\\xampp\\apache\\bin\\httpd.exe -d C:/xampp/apache'
[Tue Nov 05 17:05:40.583000 2013] [mpm_winnt:notice] [pid 4836:tid 312] AH00418: Parent: Created child process 2744
[Tue Nov 05 17:05:42.568000 2013] [ssl:warn] [pid 2744:tid 328] AH01909: RSA certificate configured for www.example.com:443 does NOT include an ID which matches the server name
[Tue Nov 05 17:05:43.505000 2013] [ssl:warn] [pid 2744:tid 328] AH01909: RSA certificate configured for www.example.com:443 does NOT include an ID which matches the server name
[Tue Nov 05 17:05:43.638000 2013] [mpm_winnt:notice] [pid 2744:tid 328] AH00354: Child: Starting 150 worker threads.
